{"/Users/sowndaryashanmugam/Documents/dataStructures/linkedList/LinkedList.js": {"path":"/Users/sowndaryashanmugam/Documents/dataStructures/linkedList/LinkedList.js","statementMap":{"0":{"start":{"line":3,"column":8},"end":{"line":3,"column":25}},"1":{"start":{"line":4,"column":8},"end":{"line":4,"column":24}},"2":{"start":{"line":8,"column":24},"end":{"line":8,"column":49}},"3":{"start":{"line":9,"column":8},"end":{"line":9,"column":28}},"4":{"start":{"line":10,"column":8},"end":{"line":10,"column":22}},"5":{"start":{"line":15,"column":8},"end":{"line":32,"column":9}},"6":{"start":{"line":16,"column":12},"end":{"line":16,"column":24}},"7":{"start":{"line":19,"column":13},"end":{"line":32,"column":9}},"8":{"start":{"line":20,"column":12},"end":{"line":20,"column":29}},"9":{"start":{"line":22,"column":13},"end":{"line":32,"column":9}},"10":{"start":{"line":23,"column":12},"end":{"line":23,"column":24}},"11":{"start":{"line":27,"column":30},"end":{"line":27,"column":39}},"12":{"start":{"line":28,"column":12},"end":{"line":30,"column":13}},"13":{"start":{"line":28,"column":24},"end":{"line":28,"column":25}},"14":{"start":{"line":29,"column":16},"end":{"line":29,"column":47}},"15":{"start":{"line":31,"column":12},"end":{"line":31,"column":31}},"16":{"start":{"line":36,"column":8},"end":{"line":57,"column":9}},"17":{"start":{"line":37,"column":12},"end":{"line":37,"column":25}},"18":{"start":{"line":39,"column":13},"end":{"line":57,"column":9}},"19":{"start":{"line":41,"column":12},"end":{"line":41,"column":25}},"20":{"start":{"line":43,"column":13},"end":{"line":57,"column":9}},"21":{"start":{"line":44,"column":12},"end":{"line":44,"column":36}},"22":{"start":{"line":45,"column":12},"end":{"line":45,"column":24}},"23":{"start":{"line":48,"column":31},"end":{"line":48,"column":61}},"24":{"start":{"line":49,"column":12},"end":{"line":51,"column":13}},"25":{"start":{"line":50,"column":16},"end":{"line":50,"column":29}},"26":{"start":{"line":53,"column":26},"end":{"line":53,"column":59}},"27":{"start":{"line":54,"column":12},"end":{"line":54,"column":40}},"28":{"start":{"line":55,"column":12},"end":{"line":55,"column":26}},"29":{"start":{"line":56,"column":12},"end":{"line":56,"column":24}},"30":{"start":{"line":61,"column":8},"end":{"line":81,"column":9}},"31":{"start":{"line":62,"column":12},"end":{"line":62,"column":25}},"32":{"start":{"line":64,"column":13},"end":{"line":81,"column":9}},"33":{"start":{"line":65,"column":12},"end":{"line":65,"column":25}},"34":{"start":{"line":67,"column":13},"end":{"line":81,"column":9}},"35":{"start":{"line":68,"column":26},"end":{"line":68,"column":35}},"36":{"start":{"line":69,"column":12},"end":{"line":69,"column":39}},"37":{"start":{"line":70,"column":12},"end":{"line":70,"column":32}},"38":{"start":{"line":71,"column":12},"end":{"line":71,"column":26}},"39":{"start":{"line":72,"column":12},"end":{"line":72,"column":24}},"40":{"start":{"line":75,"column":31},"end":{"line":75,"column":61}},"41":{"start":{"line":76,"column":30},"end":{"line":76,"column":56}},"42":{"start":{"line":77,"column":12},"end":{"line":77,"column":49}},"43":{"start":{"line":78,"column":12},"end":{"line":78,"column":36}},"44":{"start":{"line":79,"column":12},"end":{"line":79,"column":26}},"45":{"start":{"line":80,"column":12},"end":{"line":80,"column":24}},"46":{"start":{"line":85,"column":26},"end":{"line":85,"column":35}},"47":{"start":{"line":86,"column":7},"end":{"line":89,"column":8}},"48":{"start":{"line":86,"column":17},"end":{"line":86,"column":18}},"49":{"start":{"line":87,"column":10},"end":{"line":87,"column":41}},"50":{"start":{"line":88,"column":12},"end":{"line":88,"column":42}},"51":{"start":{"line":95,"column":8},"end":{"line":95,"column":27}},"52":{"start":{"line":96,"column":8},"end":{"line":96,"column":25}},"53":{"start":{"line":104,"column":0},"end":{"line":104,"column":28}}},"fnMap":{"0":{"name":"(anonymous_0)","decl":{"start":{"line":2,"column":4},"end":{"line":2,"column":5}},"loc":{"start":{"line":2,"column":17},"end":{"line":5,"column":5}},"line":2},"1":{"name":"(anonymous_1)","decl":{"start":{"line":7,"column":4},"end":{"line":7,"column":5}},"loc":{"start":{"line":7,"column":23},"end":{"line":11,"column":5}},"line":7},"2":{"name":"(anonymous_2)","decl":{"start":{"line":14,"column":4},"end":{"line":14,"column":5}},"loc":{"start":{"line":14,"column":25},"end":{"line":33,"column":5}},"line":14},"3":{"name":"(anonymous_3)","decl":{"start":{"line":35,"column":4},"end":{"line":35,"column":5}},"loc":{"start":{"line":35,"column":33},"end":{"line":58,"column":5}},"line":35},"4":{"name":"(anonymous_4)","decl":{"start":{"line":60,"column":4},"end":{"line":60,"column":5}},"loc":{"start":{"line":60,"column":28},"end":{"line":82,"column":5}},"line":60},"5":{"name":"(anonymous_5)","decl":{"start":{"line":84,"column":4},"end":{"line":84,"column":5}},"loc":{"start":{"line":84,"column":15},"end":{"line":90,"column":5}},"line":84},"6":{"name":"(anonymous_6)","decl":{"start":{"line":94,"column":4},"end":{"line":94,"column":5}},"loc":{"start":{"line":94,"column":28},"end":{"line":97,"column":5}},"line":94}},"branchMap":{"0":{"loc":{"start":{"line":15,"column":8},"end":{"line":32,"column":9}},"type":"if","locations":[{"start":{"line":15,"column":8},"end":{"line":32,"column":9}},{"start":{"line":15,"column":8},"end":{"line":32,"column":9}}],"line":15},"1":{"loc":{"start":{"line":19,"column":13},"end":{"line":32,"column":9}},"type":"if","locations":[{"start":{"line":19,"column":13},"end":{"line":32,"column":9}},{"start":{"line":19,"column":13},"end":{"line":32,"column":9}}],"line":19},"2":{"loc":{"start":{"line":22,"column":13},"end":{"line":32,"column":9}},"type":"if","locations":[{"start":{"line":22,"column":13},"end":{"line":32,"column":9}},{"start":{"line":22,"column":13},"end":{"line":32,"column":9}}],"line":22},"3":{"loc":{"start":{"line":36,"column":8},"end":{"line":57,"column":9}},"type":"if","locations":[{"start":{"line":36,"column":8},"end":{"line":57,"column":9}},{"start":{"line":36,"column":8},"end":{"line":57,"column":9}}],"line":36},"4":{"loc":{"start":{"line":39,"column":13},"end":{"line":57,"column":9}},"type":"if","locations":[{"start":{"line":39,"column":13},"end":{"line":57,"column":9}},{"start":{"line":39,"column":13},"end":{"line":57,"column":9}}],"line":39},"5":{"loc":{"start":{"line":43,"column":13},"end":{"line":57,"column":9}},"type":"if","locations":[{"start":{"line":43,"column":13},"end":{"line":57,"column":9}},{"start":{"line":43,"column":13},"end":{"line":57,"column":9}}],"line":43},"6":{"loc":{"start":{"line":49,"column":12},"end":{"line":51,"column":13}},"type":"if","locations":[{"start":{"line":49,"column":12},"end":{"line":51,"column":13}},{"start":{"line":49,"column":12},"end":{"line":51,"column":13}}],"line":49},"7":{"loc":{"start":{"line":61,"column":8},"end":{"line":81,"column":9}},"type":"if","locations":[{"start":{"line":61,"column":8},"end":{"line":81,"column":9}},{"start":{"line":61,"column":8},"end":{"line":81,"column":9}}],"line":61},"8":{"loc":{"start":{"line":64,"column":13},"end":{"line":81,"column":9}},"type":"if","locations":[{"start":{"line":64,"column":13},"end":{"line":81,"column":9}},{"start":{"line":64,"column":13},"end":{"line":81,"column":9}}],"line":64},"9":{"loc":{"start":{"line":67,"column":13},"end":{"line":81,"column":9}},"type":"if","locations":[{"start":{"line":67,"column":13},"end":{"line":81,"column":9}},{"start":{"line":67,"column":13},"end":{"line":81,"column":9}}],"line":67}},"s":{"0":1,"1":1,"2":5,"3":5,"4":5,"5":2,"6":0,"7":2,"8":0,"9":2,"10":0,"11":2,"12":2,"13":2,"14":5,"15":2,"16":0,"17":0,"18":0,"19":0,"20":0,"21":0,"22":0,"23":0,"24":0,"25":0,"26":0,"27":0,"28":0,"29":0,"30":4,"31":1,"32":3,"33":1,"34":2,"35":1,"36":1,"37":1,"38":1,"39":1,"40":1,"41":1,"42":1,"43":1,"44":1,"45":1,"46":0,"47":0,"48":0,"49":0,"50":0,"51":5,"52":5,"53":1},"f":{"0":1,"1":5,"2":2,"3":0,"4":4,"5":0,"6":5},"b":{"0":[0,2],"1":[0,2],"2":[0,2],"3":[0,0],"4":[0,0],"5":[0,0],"6":[0,0],"7":[1,3],"8":[1,2],"9":[1,1]},"_coverageSchema":"1a1c01bbd47fc00a2c39e90264f33305004495a9","hash":"280879cbd10bf45c30fa33a145f1a3b7e52a3902"}
}
