TN:
SF:LinkedList.js
FN:2,(anonymous_0)
FN:7,(anonymous_1)
FN:14,(anonymous_2)
FN:35,(anonymous_3)
FN:60,(anonymous_4)
FN:84,(anonymous_5)
FN:94,(anonymous_6)
FNF:7
FNH:5
FNDA:1,(anonymous_0)
FNDA:5,(anonymous_1)
FNDA:2,(anonymous_2)
FNDA:0,(anonymous_3)
FNDA:4,(anonymous_4)
FNDA:0,(anonymous_5)
FNDA:5,(anonymous_6)
DA:3,1
DA:4,1
DA:8,5
DA:9,5
DA:10,5
DA:15,2
DA:16,0
DA:19,2
DA:20,0
DA:22,2
DA:23,0
DA:27,2
DA:28,2
DA:29,5
DA:31,2
DA:36,0
DA:37,0
DA:39,0
DA:41,0
DA:43,0
DA:44,0
DA:45,0
DA:48,0
DA:49,0
DA:50,0
DA:53,0
DA:54,0
DA:55,0
DA:56,0
DA:61,4
DA:62,1
DA:64,3
DA:65,1
DA:67,2
DA:68,1
DA:69,1
DA:70,1
DA:71,1
DA:72,1
DA:75,1
DA:76,1
DA:77,1
DA:78,1
DA:79,1
DA:80,1
DA:85,0
DA:86,0
DA:87,0
DA:88,0
DA:95,5
DA:96,5
DA:104,1
LF:52
LH:31
BRDA:15,0,0,0
BRDA:15,0,1,2
BRDA:19,1,0,0
BRDA:19,1,1,2
BRDA:22,2,0,0
BRDA:22,2,1,2
BRDA:36,3,0,0
BRDA:36,3,1,0
BRDA:39,4,0,0
BRDA:39,4,1,0
BRDA:43,5,0,0
BRDA:43,5,1,0
BRDA:49,6,0,0
BRDA:49,6,1,0
BRDA:61,7,0,1
BRDA:61,7,1,3
BRDA:64,8,0,1
BRDA:64,8,1,2
BRDA:67,9,0,1
BRDA:67,9,1,1
BRF:20
BRH:9
end_of_record
